02/03/2026 16:10:11 | === INICIO ===
02/03/2026 16:10:11 | O Python solicitou a abertura de: c:\Users\joaoconstancio\Desktop\VisualStudio\Projeto - Modulação_v1.0\Planilha_Modulacao\2026.03.02_161010_Modulacao_Consumo e Cessao.xlsx
02/03/2026 16:10:12 | A abrir o ficheiro no Excel...
02/03/2026 16:10:13 | A guardar para forcar o recalculo das formulas...
02/03/2026 16:10:13 | Sucesso! Processo concluido.
02/03/2026 16:10:13 | === FIM ===
02/03/2026 16:10:16 | === INICIO ===
02/03/2026 16:10:16 | O Python solicitou a abertura de: c:\Users\joaoconstancio\Desktop\VisualStudio\Projeto - Modulação_v1.0\Planilha_Modulacao\2026.03.02_161010_Modulacao_Consumo e Cessao.xlsx
02/03/2026 16:10:17 | A abrir o ficheiro no Excel...
02/03/2026 16:10:17 | A guardar para forcar o recalculo das formulas...
02/03/2026 16:10:17 | Sucesso! Processo concluido.
02/03/2026 16:10:17 | === FIM ===
02/03/2026 16:16:35 | === INICIO ===
02/03/2026 16:16:35 | O Python solicitou a abertura de: c:\Users\joaoconstancio\Desktop\VisualStudio\Projeto - Modulação_v1.0\Planilha_Modulacao\2026.03.02_161635_Modulacao_Consumo e Cessao.xlsx
02/03/2026 16:16:38 | A abrir o ficheiro no Excel...
02/03/2026 16:16:38 | A guardar para forcar o recalculo das formulas...
02/03/2026 16:16:38 | Sucesso! Processo concluido.
02/03/2026 16:16:38 | === FIM ===
02/03/2026 16:16:43 | === INICIO ===
02/03/2026 16:16:43 | O Python solicitou a abertura de: c:\Users\joaoconstancio\Desktop\VisualStudio\Projeto - Modulação_v1.0\Planilha_Modulacao\2026.03.02_161635_Modulacao_Consumo e Cessao.xlsx
02/03/2026 16:16:44 | A abrir o ficheiro no Excel...
02/03/2026 16:16:44 | A guardar para forcar o recalculo das formulas...
02/03/2026 16:16:44 | Sucesso! Processo concluido.
02/03/2026 16:16:44 | === FIM ===
03/03/2026 09:14:56 | === INICIO ===
03/03/2026 09:14:56 | O Python solicitou a abertura de: c:\Users\joaoconstancio\Desktop\VisualStudio\Projeto - Modulação_v1.0\Planilha_Modulacao\2026.03.03_091455_Modulacao_Consumo e Cessao.xlsx
03/03/2026 09:14:57 | A abrir o ficheiro no Excel...
03/03/2026 09:14:57 | A guardar para forcar o recalculo das formulas...
03/03/2026 09:14:58 | Sucesso! Processo concluido.
03/03/2026 09:14:58 | === FIM ===
03/03/2026 09:15:02 | === INICIO ===
03/03/2026 09:15:02 | O Python solicitou a abertura de: c:\Users\joaoconstancio\Desktop\VisualStudio\Projeto - Modulação_v1.0\Planilha_Modulacao\2026.03.03_091455_Modulacao_Consumo e Cessao.xlsx
03/03/2026 09:15:03 | A abrir o ficheiro no Excel...
03/03/2026 09:15:03 | A guardar para forcar o recalculo das formulas...
03/03/2026 09:15:03 | Sucesso! Processo concluido.
03/03/2026 09:15:03 | === FIM ===
